<?xml version="1.0" encoding="UTF-8"?>
<coverage generated="1674260054352" clover="3.2.0">
  <project timestamp="1674260054352" name="All files">
    <metrics statements="11" coveredstatements="4" conditionals="6" coveredconditionals="0" methods="2" coveredmethods="1" elements="19" coveredelements="5" complexity="0" loc="11" ncloc="11" packages="1" files="1" classes="1"/>
    <file name="createItem.js" path="/home/vitor/Área de Trabalho/Trybe Course/Repositórios/trybe-exercicios/fundamentos/secao-7-introducao-ao-ES6-e-testes-unitarios/dia-3-matchers-e-cobertura-de-codigo/createItem.js">
      <metrics statements="11" coveredstatements="4" conditionals="6" coveredconditionals="0" methods="2" coveredmethods="1"/>
      <line num="1" count="1" type="stmt"/>
      <line num="2" count="0" type="cond" truecount="0" falsecount="2"/>
      <line num="3" count="0" type="stmt"/>
      <line num="5" count="0" type="cond" truecount="0" falsecount="2"/>
      <line num="6" count="0" type="stmt"/>
      <line num="8" count="0" type="cond" truecount="0" falsecount="2"/>
      <line num="9" count="0" type="stmt"/>
      <line num="11" count="0" type="stmt"/>
      <line num="18" count="1" type="stmt"/>
      <line num="20" count="1" type="stmt"/>
      <line num="24" count="1" type="stmt"/>
    </file>
  </project>
</coverage>
